"../../../../../unreal projects/InfiniteMatrixStarter 4.22/Content/InfiniteMatrix/Materials/M_AssetPlatform.uasset" 0
"../../../../../unreal projects/InfiniteMatrixStarter 4.22/Content/InfiniteMatrix/Materials/M_Basic_Floor.uasset" 1
"../../../../../unreal projects/InfiniteMatrixStarter 4.22/Content/InfiniteMatrix/Materials/M_Basic_Wall.uasset" 2
"../../../../../unreal projects/InfiniteMatrixStarter 4.22/Content/InfiniteMatrix/Materials/M_Brick_Clay_Beveled.uasset" 3
"../../../../../unreal projects/InfiniteMatrixStarter 4.22/Content/InfiniteMatrix/Materials/M_Brick_Clay_New.uasset" 4
"../../../../../unreal projects/InfiniteMatrixStarter 4.22/Content/InfiniteMatrix/Materials/M_Brick_Clay_Old.uasset" 5
"../../../../../unreal projects/InfiniteMatrixStarter 4.22/Content/InfiniteMatrix/Materials/M_Brick_Cut_Stone.uasset" 6
"../../../../../unreal projects/InfiniteMatrixStarter 4.22/Content/InfiniteMatrix/Materials/M_Brick_Hewn_Stone.uasset" 7
"../../../../../unreal projects/InfiniteMatrixStarter 4.22/Content/InfiniteMatrix/Materials/M_Ceramic_Tile_Checker.uasset" 8
"../../../../../unreal projects/InfiniteMatrixStarter 4.22/Content/InfiniteMatrix/Materials/M_CobbleStone_Rough.uasset" 9
"../../../../../unreal projects/InfiniteMatrixStarter 4.22/Content/InfiniteMatrix/Materials/M_CobbleStone_Smooth.uasset" 10
"../../../Engine/Content/EditorMeshes/ColorCalibrator/T_ColorGrid.uasset" 11
"../../../../../unreal projects/InfiniteMatrixStarter 4.22/Content/InfiniteMatrix/Materials/M_ColorGrid_LowSpec.uasset" 12
"../../../../../unreal projects/InfiniteMatrixStarter 4.22/Content/InfiniteMatrix/Materials/M_Concrete_Grime.uasset" 13
"../../../../../unreal projects/InfiniteMatrixStarter 4.22/Content/InfiniteMatrix/Materials/M_Concrete_Panels.uasset" 14
"../../../../../unreal projects/InfiniteMatrixStarter 4.22/Content/InfiniteMatrix/Materials/M_Concrete_Poured.uasset" 15
"../../../Engine/Content/Functions/Engine_MaterialFunctions01/Opacity/CameraDepthFade.uasset" 16
"../../../../../unreal projects/InfiniteMatrixStarter 4.22/Content/InfiniteMatrix/Materials/M_Concrete_Tiles.uasset" 17
"../../../../../unreal projects/InfiniteMatrixStarter 4.22/Content/InfiniteMatrix/Materials/M_Glass.uasset" 18
"../../../../../unreal projects/InfiniteMatrixStarter 4.22/Content/InfiniteMatrix/Materials/M_Ground_Grass.uasset" 19
"../../../../../unreal projects/InfiniteMatrixStarter 4.22/Content/InfiniteMatrix/Materials/M_Ground_Gravel.uasset" 20
"../../../../../unreal projects/InfiniteMatrixStarter 4.22/Content/InfiniteMatrix/Materials/M_Ground_Moss.uasset" 21
"../../../../../unreal projects/InfiniteMatrixStarter 4.22/Content/InfiniteMatrix/Materials/M_Metal_Brushed_Nickel.uasset" 22
"../../../../../unreal projects/InfiniteMatrixStarter 4.22/Content/InfiniteMatrix/Materials/M_Metal_Burnished_Steel.uasset" 23
"../../../../../unreal projects/InfiniteMatrixStarter 4.22/Content/InfiniteMatrix/Materials/M_Metal_Chrome.uasset" 24
"../../../../../unreal projects/InfiniteMatrixStarter 4.22/Content/InfiniteMatrix/Materials/M_Metal_Copper.uasset" 25
"../../../../../unreal projects/InfiniteMatrixStarter 4.22/Content/InfiniteMatrix/Materials/M_Metal_Gold.uasset" 26
"../../../Engine/Content/Functions/Engine_MaterialFunctions02/Utility/BlendAngleCorrectedNormals.uasset" 27
"../../../../../unreal projects/InfiniteMatrixStarter 4.22/Content/InfiniteMatrix/Materials/M_Metal_Rust.uasset" 28
"../../../../../unreal projects/InfiniteMatrixStarter 4.22/Content/InfiniteMatrix/Materials/M_Metal_Steel.uasset" 29
"../../../../../unreal projects/InfiniteMatrixStarter 4.22/Content/InfiniteMatrix/Materials/M_Rock_Basalt.uasset" 30
"../../../../../unreal projects/InfiniteMatrixStarter 4.22/Content/InfiniteMatrix/Materials/M_Rock_Marble_Polished.uasset" 31
"../../../../../unreal projects/InfiniteMatrixStarter 4.22/Content/InfiniteMatrix/Materials/M_Rock_Sandstone.uasset" 32
"../../../../../unreal projects/InfiniteMatrixStarter 4.22/Content/InfiniteMatrix/Materials/M_Rock_Slate.uasset" 33
"../../../../../unreal projects/InfiniteMatrixStarter 4.22/Content/InfiniteMatrix/Materials/M_Tech_Checker_Dot.uasset" 34
"../../../../../unreal projects/InfiniteMatrixStarter 4.22/Content/InfiniteMatrix/Materials/M_Tech_Hex_Tile.uasset" 35
"../../../../../unreal projects/InfiniteMatrixStarter 4.22/Content/InfiniteMatrix/Materials/M_Tech_Panel.uasset" 36
"../../../../../unreal projects/InfiniteMatrixStarter 4.22/Content/InfiniteMatrix/Materials/M_Water_Lake.uasset" 37
"../../../../../unreal projects/InfiniteMatrixStarter 4.22/Content/InfiniteMatrix/Textures/T_Perlin_Noise_M.uasset" 38
"../../../../../unreal projects/InfiniteMatrixStarter 4.22/Content/InfiniteMatrix/Textures/T_Water_M.uasset" 39
"../../../../../unreal projects/InfiniteMatrixStarter 4.22/Content/InfiniteMatrix/Textures/T_Water_N.uasset" 40
"../../../../../unreal projects/InfiniteMatrixStarter 4.22/Content/InfiniteMatrix/Materials/M_Water_Ocean.uasset" 41
"../../../../../unreal projects/InfiniteMatrixStarter 4.22/Content/InfiniteMatrix/Materials/M_Wood_Floor_Walnut_Polished.uasset" 42
"../../../Engine/Content/Functions/Engine_MaterialFunctions01/Opacity/AlphaOffset.uasset" 43
"../../../../../unreal projects/InfiniteMatrixStarter 4.22/Content/InfiniteMatrix/Materials/M_Wood_Floor_Walnut_Worn.uasset" 44
"../../../../../unreal projects/InfiniteMatrixStarter 4.22/Content/InfiniteMatrix/Materials/M_Wood_Oak.uasset" 45
"../../../../../unreal projects/InfiniteMatrixStarter 4.22/Content/InfiniteMatrix/Materials/M_Wood_Pine.uasset" 46
"../../../../../unreal projects/InfiniteMatrixStarter 4.22/Content/InfiniteMatrix/Materials/M_Wood_Walnut.uasset" 47
"../../../../../unreal projects/InfiniteMatrixStarter 4.22/Content/InfiniteMatrix/Materials/NewPhysicalMaterial.uasset" 48
"../../../../../unreal projects/InfiniteMatrixStarter 4.22/Content/InfiniteMatrix/Materials/TunnelMat.uasset" 49
"../../../../../unreal projects/InfiniteMatrixStarter 4.22/Content/InfiniteMatrix/Textures/T_CobbleStone_Pebble_D.uasset" 50
"../../../../../unreal projects/InfiniteMatrixStarter 4.22/Content/InfiniteMatrix/Textures/T_CobbleStone_Pebble_M.uasset" 51
"../../../../../unreal projects/InfiniteMatrixStarter 4.22/Content/InfiniteMatrix/Textures/T_CobbleStone_Pebble_N.uasset" 52
"../../../../../unreal projects/InfiniteMatrixStarter 4.22/Content/InfiniteMatrix/Textures/T_MacroVariation.uasset" 53
"../../../../../unreal projects/InfiniteMatrixStarter 4.22/Content/InfiniteMatrix/Materials/M_CobbleStone_Pebble.uasset" 54
"../../../../../unreal projects/InfiniteMatrixStarter 4.22/Content/InfiniteMatrix/Materials/yeet.uasset" 55
"../../../../../unreal projects/InfiniteMatrixStarter 4.22/Content/InfiniteMatrix/Meshes/lasers.uasset" 56
"../../../../../unreal projects/InfiniteMatrixStarter 4.22/Content/InfiniteMatrix/Meshes/NewMaterial.uasset" 57
"../../../../../unreal projects/InfiniteMatrixStarter 4.22/Content/InfiniteMatrix/Textures/T_Brick_Clay_Beveled_D.uasset" 58
"../../../../../unreal projects/InfiniteMatrixStarter 4.22/Content/InfiniteMatrix/Textures/T_Brick_Clay_Beveled_M.uasset" 59
"../../../../../unreal projects/InfiniteMatrixStarter 4.22/Content/InfiniteMatrix/Textures/T_Brick_Clay_Beveled_N.uasset" 60
"../../../../../unreal projects/InfiniteMatrixStarter 4.22/Content/InfiniteMatrix/Textures/T_Brick_Clay_New_D.uasset" 61
"../../../../../unreal projects/InfiniteMatrixStarter 4.22/Content/InfiniteMatrix/Textures/T_Brick_Clay_New_M.uasset" 62
"../../../../../unreal projects/InfiniteMatrixStarter 4.22/Content/InfiniteMatrix/Textures/T_Brick_Clay_New_N.uasset" 63
"../../../../../unreal projects/InfiniteMatrixStarter 4.22/Content/InfiniteMatrix/Textures/T_Brick_Clay_Old_D.uasset" 64
"../../../../../unreal projects/InfiniteMatrixStarter 4.22/Content/InfiniteMatrix/Textures/T_Brick_Clay_Old_N.uasset" 65
"../../../../../unreal projects/InfiniteMatrixStarter 4.22/Content/InfiniteMatrix/Textures/T_Brick_Cut_Stone_D.uasset" 66
"../../../../../unreal projects/InfiniteMatrixStarter 4.22/Content/InfiniteMatrix/Textures/T_Brick_Cut_Stone_N.uasset" 67
"../../../../../unreal projects/InfiniteMatrixStarter 4.22/Content/InfiniteMatrix/Textures/T_Brick_Hewn_Stone_D.uasset" 68
"../../../../../unreal projects/InfiniteMatrixStarter 4.22/Content/InfiniteMatrix/Textures/T_Brick_Hewn_Stone_M.uasset" 69
"../../../../../unreal projects/InfiniteMatrixStarter 4.22/Content/InfiniteMatrix/Textures/T_Brick_Hewn_Stone_N.uasset" 70
"../../../../../unreal projects/InfiniteMatrixStarter 4.22/Content/InfiniteMatrix/Textures/T_Burst_M.uasset" 71
"../../../../../unreal projects/InfiniteMatrixStarter 4.22/Content/InfiniteMatrix/Textures/T_Bush_D.uasset" 72
"../../../../../unreal projects/InfiniteMatrixStarter 4.22/Content/InfiniteMatrix/Textures/T_Bush_N.uasset" 73
"../../../../../unreal projects/InfiniteMatrixStarter 4.22/Content/InfiniteMatrix/Textures/T_Ceramic_Tile_M.uasset" 74
"../../../../../unreal projects/InfiniteMatrixStarter 4.22/Content/InfiniteMatrix/Textures/T_Ceramic_Tile_N.uasset" 75
"../../../../../unreal projects/InfiniteMatrixStarter 4.22/Content/InfiniteMatrix/Textures/T_Chair_M.uasset" 76
"../../../../../unreal projects/InfiniteMatrixStarter 4.22/Content/InfiniteMatrix/Textures/T_Chair_N.uasset" 77
"../../../../../unreal projects/InfiniteMatrixStarter 4.22/Content/InfiniteMatrix/Textures/T_Checker_Noise_M.uasset" 78
"../../../../../unreal projects/InfiniteMatrixStarter 4.22/Content/InfiniteMatrix/Textures/T_CobbleStone_Rough_D.uasset" 79
"../../../../../unreal projects/InfiniteMatrixStarter 4.22/Content/InfiniteMatrix/Textures/T_CobbleStone_Rough_N.uasset" 80
"../../../../../unreal projects/InfiniteMatrixStarter 4.22/Content/InfiniteMatrix/Textures/T_CobbleStone_Smooth_D.uasset" 81
"../../../../../unreal projects/InfiniteMatrixStarter 4.22/Content/InfiniteMatrix/Textures/T_CobbleStone_Smooth_M.uasset" 82
"../../../../../unreal projects/InfiniteMatrixStarter 4.22/Content/InfiniteMatrix/Textures/T_CobbleStone_Smooth_N.uasset" 83
"../../../../../unreal projects/InfiniteMatrixStarter 4.22/Content/InfiniteMatrix/Textures/T_Concrete_Grime_D.uasset" 84
"../../../../../unreal projects/InfiniteMatrixStarter 4.22/Content/InfiniteMatrix/Textures/T_Concrete_Panels_D.uasset" 85
"../../../../../unreal projects/InfiniteMatrixStarter 4.22/Content/InfiniteMatrix/Textures/T_Concrete_Panels_N.uasset" 86
"../../../../../unreal projects/InfiniteMatrixStarter 4.22/Content/InfiniteMatrix/Textures/T_Concrete_Poured_D.uasset" 87
"../../../../../unreal projects/InfiniteMatrixStarter 4.22/Content/InfiniteMatrix/Textures/T_Concrete_Poured_N.uasset" 88
"../../../../../unreal projects/InfiniteMatrixStarter 4.22/Content/InfiniteMatrix/Textures/T_Concrete_Tiles_D.uasset" 89
"../../../../../unreal projects/InfiniteMatrixStarter 4.22/Content/InfiniteMatrix/Textures/T_Concrete_Tiles_M.uasset" 90
"../../../../../unreal projects/InfiniteMatrixStarter 4.22/Content/InfiniteMatrix/Textures/T_Concrete_Tiles_N.uasset" 91
"../../../../../unreal projects/InfiniteMatrixStarter 4.22/Content/InfiniteMatrix/Textures/T_Concrete_Tiles_Variation_M.uasset" 92
"../../../../../unreal projects/InfiniteMatrixStarter 4.22/Content/InfiniteMatrix/Textures/T_Detail_Rocky_N.uasset" 93
"../../../../../unreal projects/InfiniteMatrixStarter 4.22/Content/InfiniteMatrix/Textures/T_Door_M.uasset" 94
"../../../../../unreal projects/InfiniteMatrixStarter 4.22/Content/InfiniteMatrix/Textures/T_Door_N.uasset" 95
"../../../../../unreal projects/InfiniteMatrixStarter 4.22/Content/InfiniteMatrix/Textures/T_Dust_Particle_D.uasset" 96
"../../../../../unreal projects/InfiniteMatrixStarter 4.22/Content/InfiniteMatrix/Textures/T_Explosion_SubUV.uasset" 97
"../../../../../unreal projects/InfiniteMatrixStarter 4.22/Content/InfiniteMatrix/Textures/T_Fire_SubUV.uasset" 98
"../../../../../unreal projects/InfiniteMatrixStarter 4.22/Content/InfiniteMatrix/Textures/T_Fire_Tiled_D.uasset" 99
"../../../../../unreal projects/InfiniteMatrixStarter 4.22/Content/InfiniteMatrix/Textures/T_Frame_M.uasset" 100
"../../../../../unreal projects/InfiniteMatrixStarter 4.22/Content/InfiniteMatrix/Textures/T_Frame_N.uasset" 101
"../../../../../unreal projects/InfiniteMatrixStarter 4.22/Content/InfiniteMatrix/Textures/T_Gradinet_01.uasset" 102
"../../../../../unreal projects/InfiniteMatrixStarter 4.22/Content/InfiniteMatrix/Textures/T_Ground_Grass_D.uasset" 103
"../../../../../unreal projects/InfiniteMatrixStarter 4.22/Content/InfiniteMatrix/Textures/T_Ground_Grass_N.uasset" 104
"../../../../../unreal projects/InfiniteMatrixStarter 4.22/Content/InfiniteMatrix/Textures/T_Ground_Gravel_D.uasset" 105
"../../../../../unreal projects/InfiniteMatrixStarter 4.22/Content/InfiniteMatrix/Textures/T_Ground_Gravel_N.uasset" 106
"../../../../../unreal projects/InfiniteMatrixStarter 4.22/Content/InfiniteMatrix/Textures/T_ground_Moss_D.uasset" 107
"../../../../../unreal projects/InfiniteMatrixStarter 4.22/Content/InfiniteMatrix/Textures/T_Ground_Moss_N.uasset" 108
"../../../../../unreal projects/InfiniteMatrixStarter 4.22/Content/InfiniteMatrix/Textures/T_Lamp_M.uasset" 109
"../../../../../unreal projects/InfiniteMatrixStarter 4.22/Content/InfiniteMatrix/Textures/T_Lamp_N.uasset" 110
"../../../../../unreal projects/InfiniteMatrixStarter 4.22/Content/InfiniteMatrix/Textures/T_Metal_Aluminum_D.uasset" 111
"../../../../../unreal projects/InfiniteMatrixStarter 4.22/Content/InfiniteMatrix/Textures/T_Metal_Copper_D.uasset" 112
"../../../../../unreal projects/InfiniteMatrixStarter 4.22/Content/InfiniteMatrix/Textures/T_Metal_Gold_D.uasset" 113
"../../../../../unreal projects/InfiniteMatrixStarter 4.22/Content/InfiniteMatrix/Textures/T_Metal_Gold_N.uasset" 114
"../../../../../unreal projects/InfiniteMatrixStarter 4.22/Content/InfiniteMatrix/Textures/T_Metal_Rust_D.uasset" 115
"../../../../../unreal projects/InfiniteMatrixStarter 4.22/Content/InfiniteMatrix/Textures/T_Metal_Rust_N.uasset" 116
"../../../../../unreal projects/InfiniteMatrixStarter 4.22/Content/InfiniteMatrix/Textures/T_Metal_Steel_D.uasset" 117
"../../../../../unreal projects/InfiniteMatrixStarter 4.22/Content/InfiniteMatrix/Textures/T_Metal_Steel_N.uasset" 118
"../../../../../unreal projects/InfiniteMatrixStarter 4.22/Content/InfiniteMatrix/Textures/T_RockMesh_M.uasset" 119
"../../../../../unreal projects/InfiniteMatrixStarter 4.22/Content/InfiniteMatrix/Textures/T_RockMesh_N.uasset" 120
"../../../../../unreal projects/InfiniteMatrixStarter 4.22/Content/InfiniteMatrix/Textures/T_Rock_Basalt_D.uasset" 121
"../../../../../unreal projects/InfiniteMatrixStarter 4.22/Content/InfiniteMatrix/Textures/T_Rock_Basalt_N.uasset" 122
"../../../../../unreal projects/InfiniteMatrixStarter 4.22/Content/InfiniteMatrix/Textures/T_Rock_Marble_Polished_D.uasset" 123
"../../../../../unreal projects/InfiniteMatrixStarter 4.22/Content/InfiniteMatrix/Textures/T_Rock_Sandstone_D.uasset" 124
"../../../../../unreal projects/InfiniteMatrixStarter 4.22/Content/InfiniteMatrix/Textures/T_Rock_Sandstone_N.uasset" 125
"../../../../../unreal projects/InfiniteMatrixStarter 4.22/Content/InfiniteMatrix/Textures/T_Rock_Slate_D.uasset" 126
"../../../../../unreal projects/InfiniteMatrixStarter 4.22/Content/InfiniteMatrix/Textures/T_Rock_Slate_N.uasset" 127
"../../../../../unreal projects/InfiniteMatrixStarter 4.22/Content/InfiniteMatrix/Textures/T_Rock_Smooth_Granite_D.uasset" 128
"../../../../../unreal projects/InfiniteMatrixStarter 4.22/Content/InfiniteMatrix/Textures/T_Shelf_M.uasset" 129
"../../../../../unreal projects/InfiniteMatrixStarter 4.22/Content/InfiniteMatrix/Textures/T_Shelf_N.uasset" 130
"../../../../../unreal projects/InfiniteMatrixStarter 4.22/Content/InfiniteMatrix/Textures/T_Single_Tile_N.uasset" 131
"../../../../../unreal projects/InfiniteMatrixStarter 4.22/Content/InfiniteMatrix/Textures/T_Smoke_SubUV.uasset" 132
"../../../../../unreal projects/InfiniteMatrixStarter 4.22/Content/InfiniteMatrix/Textures/T_Smoke_Tiled_D.uasset" 133
"../../../../../unreal projects/InfiniteMatrixStarter 4.22/Content/InfiniteMatrix/Textures/T_Spark_Core.uasset" 134
"../../../../../unreal projects/InfiniteMatrixStarter 4.22/Content/InfiniteMatrix/Textures/T_Statue_M.uasset" 135
"../../../../../unreal projects/InfiniteMatrixStarter 4.22/Content/InfiniteMatrix/Textures/T_Statue_N.uasset" 136
"../../../../../unreal projects/InfiniteMatrixStarter 4.22/Content/InfiniteMatrix/Textures/T_TableRound_M.uasset" 137
"../../../../../unreal projects/InfiniteMatrixStarter 4.22/Content/InfiniteMatrix/Textures/T_TableRound_N.uasset" 138
"../../../../../unreal projects/InfiniteMatrixStarter 4.22/Content/InfiniteMatrix/Textures/T_Tech_Dot_M.uasset" 139
"../../../../../unreal projects/InfiniteMatrixStarter 4.22/Content/InfiniteMatrix/Textures/T_Tech_Dot_N.uasset" 140
"../../../../../unreal projects/InfiniteMatrixStarter 4.22/Content/InfiniteMatrix/Textures/T_Tech_Panel_M.uasset" 141
"../../../../../unreal projects/InfiniteMatrixStarter 4.22/Content/InfiniteMatrix/Textures/T_Tech_Panel_N.uasset" 142
"../../../../../unreal projects/InfiniteMatrixStarter 4.22/Content/InfiniteMatrix/Textures/T_Wood_Floor_Walnut_D.uasset" 143
"../../../../../unreal projects/InfiniteMatrixStarter 4.22/Content/InfiniteMatrix/Textures/T_Wood_Floor_Walnut_M.uasset" 144
"../../../../../unreal projects/InfiniteMatrixStarter 4.22/Content/InfiniteMatrix/Textures/T_Wood_Floor_Walnut_N.uasset" 145
"../../../../../unreal projects/InfiniteMatrixStarter 4.22/Content/InfiniteMatrix/Textures/T_Wood_Oak_D.uasset" 146
"../../../../../unreal projects/InfiniteMatrixStarter 4.22/Content/InfiniteMatrix/Textures/T_Wood_Oak_N.uasset" 147
"../../../../../unreal projects/InfiniteMatrixStarter 4.22/Content/InfiniteMatrix/Textures/T_Wood_Pine_D.uasset" 148
"../../../../../unreal projects/InfiniteMatrixStarter 4.22/Content/InfiniteMatrix/Textures/T_Wood_Pine_N.uasset" 149
"../../../../../unreal projects/InfiniteMatrixStarter 4.22/Content/InfiniteMatrix/Textures/T_Wood_Walnut_D.uasset" 150
"../../../../../unreal projects/InfiniteMatrixStarter 4.22/Content/InfiniteMatrix/Textures/T_Wood_Walnut_N.uasset" 151
"../../../../../unreal projects/InfiniteMatrixStarter 4.22/Content/SoulCave/Environment/Textures/Building/T_Cave_Chain_N.uasset" 152
"../../../../../unreal projects/InfiniteMatrixStarter 4.22/Content/SoulCave/Environment/Textures/Building/T_Cave_Chain_D.uasset" 153
"../../../../../unreal projects/InfiniteMatrixStarter 4.22/Content/SoulCave/Environment/Materials/Building/M_Cave_Chain.uasset" 154
"../../../../../unreal projects/InfiniteMatrixStarter 4.22/Content/SoulCave/Environment/Materials/Building/MI_Cave_Chain_Dry.uasset" 155
"../../../Engine/Content/Functions/Engine_MaterialFunctions01/Gradient/LinearGradient.uasset" 156
"../../../Engine/Content/Functions/Engine_MaterialFunctions01/ImageAdjustment/CheapContrast.uasset" 157
"../../../Engine/Content/Functions/Engine_MaterialFunctions01/Texturing/FlattenNormal.uasset" 158
"../../../Engine/Content/Functions/Engine_MaterialFunctions02/SafeNormalize.uasset" 159
"../../../Engine/Content/Functions/Engine_MaterialFunctions02/Math/CreateThirdOrthogonalVector.uasset" 160
"../../../Engine/Content/Functions/Engine_MaterialFunctions02/Utility/BreakOutFloat3Components.uasset" 161
"../../../Engine/Content/Functions/Engine_MaterialFunctions02/Math/Transform3x3Matrix.uasset" 162
"../../../Engine/Content/Functions/Engine_MaterialFunctions02/Utility/BreakOutFloat2Components.uasset" 163
"../../../Engine/Content/Functions/Engine_MaterialFunctions02/Utility/MakeFloat3.uasset" 164
"../../../Engine/Content/Functions/Engine_MaterialFunctions02/ExampleContent/Textures/SphereRenderNormalsMap.uasset" 165
"../../../Engine/Content/Functions/Engine_MaterialFunctions02/WorldAlignedNormals_HighQuality.uasset" 166
"../../../Engine/Content/Functions/MaterialLayerFunctions/MatLayerBlend_BakedNormal.uasset" 167
"../../../Engine/Content/Functions/MaterialLayerFunctions/MatLayerBlend_Standard.uasset" 168
"../../../Engine/Content/Functions/MaterialLayerFunctions/MatLayerBlend_Tint.uasset" 169
"../../../Engine/Content/EngineMaterials/DefaultNormal_Uncompressed.uasset" 170
"../../../../../unreal projects/InfiniteMatrixStarter 4.22/Content/SoulCave/Environment/Materials/Functions/MF_WorldAlignedPanner.uasset" 171
"../../../Engine/Content/Functions/Engine_MaterialFunctions02/ExampleContent/Textures/water_d.uasset" 172
"../../../../../unreal projects/InfiniteMatrixStarter 4.22/Content/SoulCave/Environment/Materials/Functions/MF_WET_RunningWater.uasset" 173
"../../../../../unreal projects/InfiniteMatrixStarter 4.22/Content/SoulCave/Environment/Materials/MaterialLayers/MF_Slums_Metal.uasset" 174
"../../../../../unreal projects/InfiniteMatrixStarter 4.22/Content/SoulCave/Environment/Materials/MaterialLayers/MF_Slums_Rusted.uasset" 175
"../../../../../unreal projects/InfiniteMatrixStarter 4.22/Content/SoulCave/Environment/Materials/Building/M_Slums_2.uasset" 176
"../../../../../unreal projects/InfiniteMatrixStarter 4.22/Content/SoulCave/Environment/Materials/Building/MI_Slums_2P.uasset" 177
"../../../Engine/Content/Functions/Engine_MaterialFunctions01/Shading/FuzzyShading.uasset" 178
"../../../../../unreal projects/InfiniteMatrixStarter 4.22/Content/SoulCave/Environment/Materials/Building/M_Slums_Cloth_.uasset" 179
"../../../../../unreal projects/InfiniteMatrixStarter 4.22/Content/SoulCave/Environment/Materials/Building/MI_Slums_Cloth_01.uasset" 180
"../../../../../unreal projects/InfiniteMatrixStarter 4.22/Content/SoulCave/Environment/Materials/Functions/MF_GroundWetness.uasset" 181
"../../../../../unreal projects/InfiniteMatrixStarter 4.22/Content/SoulCave/Environment/Materials/Functions/MF_Switch.uasset" 182
"../../../../../unreal projects/InfiniteMatrixStarter 4.22/Content/SoulCave/Environment/Materials/MaterialLayers/MF_Slums_Concrete.uasset" 183
"../../../../../unreal projects/InfiniteMatrixStarter 4.22/Content/SoulCave/Environment/PhysicalMaterials/Stone.uasset" 184
"../../../../../unreal projects/InfiniteMatrixStarter 4.22/Content/SoulCave/Environment/Materials/Building/M_Slums_Concrete.uasset" 185
"../../../../../unreal projects/InfiniteMatrixStarter 4.22/Content/SoulCave/Environment/Materials/Building/MI_Slums_Concrete_Tiles.uasset" 186
"../../../../../unreal projects/InfiniteMatrixStarter 4.22/Content/SoulCave/Environment/Materials/Building/MI_Slums_Concrete.uasset" 187
"../../../../../unreal projects/InfiniteMatrixStarter 4.22/Content/SoulCave/Environment/Materials/Building/M_Slums_Metalwork.uasset" 188
"../../../../../unreal projects/InfiniteMatrixStarter 4.22/Content/SoulCave/Environment/Materials/Building/MI_Slums_Metalwork.uasset" 189
"../../../../../unreal projects/InfiniteMatrixStarter 4.22/Content/SoulCave/Environment/Materials/Building/MI_Slums_Metalwork_PipeA.uasset" 190
"../../../../../unreal projects/InfiniteMatrixStarter 4.22/Content/SoulCave/Environment/Materials/Building/MI_Slums_Metalwork_Shiny.uasset" 191
"../../../../../unreal projects/InfiniteMatrixStarter 4.22/Content/SoulCave/Environment/Materials/Building/M_Slums_Tin.uasset" 192
"../../../../../unreal projects/InfiniteMatrixStarter 4.22/Content/SoulCave/Environment/Materials/Building/MI_Slums_Tin.uasset" 193
"../../../../../unreal projects/InfiniteMatrixStarter 4.22/Content/SoulCave/Environment/Materials/Building/MI_Slums_Window2__NoLight.uasset" 194
"../../../../../unreal projects/InfiniteMatrixStarter 4.22/Content/SoulCave/Environment/Textures/Building/T_LV_SoulDistanceBD02_D.uasset" 195
"../../../../../unreal projects/InfiniteMatrixStarter 4.22/Content/SoulCave/Environment/Textures/Rock/T_Cave_Rock_Small_N.uasset" 196
"../../../../../unreal projects/InfiniteMatrixStarter 4.22/Content/SoulCave/Environment/Materials/Building/M_LV_SoulDistanceBD002_M2.uasset" 197
"../../../../../unreal projects/InfiniteMatrixStarter 4.22/Content/SoulCave/Environment/Materials/MaterialLayers/MF_Slums_Paint.uasset" 198
"../../../../../unreal projects/InfiniteMatrixStarter 4.22/Content/SoulCave/Environment/Materials/Functions/MF_Dirt_Wet_JM.uasset" 199
"../../../../../unreal projects/InfiniteMatrixStarter 4.22/Content/SoulCave/Environment/Textures/Rock/T_Cave_Mud_N.uasset" 200
"../../../../../unreal projects/InfiniteMatrixStarter 4.22/Content/SoulCave/Environment/Textures/Rock/T_Cave_Rock_Stalactite_M.uasset" 201
"../../../../../unreal projects/InfiniteMatrixStarter 4.22/Content/SoulCave/Environment/Materials/Functions/MF_GroundWetnessAlpha_JM.uasset" 202
"../../../../../unreal projects/InfiniteMatrixStarter 4.22/Content/SoulCave/Environment/Textures/Rock/T_Cave_Mud_D.uasset" 203
"../../../../../unreal projects/InfiniteMatrixStarter 4.22/Content/SoulCave/Environment/Materials/Functions/MF_Mud_Wet_JM.uasset" 204
"../../../../../unreal projects/InfiniteMatrixStarter 4.22/Content/SoulCave/Environment/Materials/Functions/MF_VertexBlend_JM.uasset" 205
"../../../../../unreal projects/InfiniteMatrixStarter 4.22/Content/SoulCave/Environment/Materials/Rocks/M_Cave_Ground_MASTER.uasset" 206
"../../../../../unreal projects/InfiniteMatrixStarter 4.22/Content/SoulCave/Environment/Materials/Rocks/MI_Cave_Ground_MASTER.uasset" 207
"../../../../../unreal projects/InfiniteMatrixStarter 4.22/Content/SoulCave/Environment/Materials/Rocks/MI_Cave_Ground_ScaledBigger.uasset" 208
"../../../Engine/Content/Functions/MaterialLayerFunctions/MatLayerBlend_AO.uasset" 209
"../../../../../unreal projects/InfiniteMatrixStarter 4.22/Content/SoulCave/Environment/Materials/Functions/MF_FuzzyShading_JM.uasset" 210
"../../../../../unreal projects/InfiniteMatrixStarter 4.22/Content/SoulCave/Environment/Materials/Functions/MF_Wetness.uasset" 211
"../../../../../unreal projects/InfiniteMatrixStarter 4.22/Content/SoulCave/Environment/Materials/MaterialLayers/MF_Solid_Color.uasset" 212
"../../../../../unreal projects/InfiniteMatrixStarter 4.22/Content/SoulCave/Environment/Textures/Rock/T_Moss_D.uasset" 213
"../../../../../unreal projects/InfiniteMatrixStarter 4.22/Content/SoulCave/Environment/Textures/Rock/T_Moss_N.uasset" 214
"../../../../../unreal projects/InfiniteMatrixStarter 4.22/Content/SoulCave/Environment/Materials/Rocks/MF_Cave_Moss.uasset" 215
"../../../../../unreal projects/InfiniteMatrixStarter 4.22/Content/SoulCave/Environment/Textures/Rock/T_Cave_Rock_01_N.uasset" 216
"../../../../../unreal projects/InfiniteMatrixStarter 4.22/Content/SoulCave/Environment/Textures/Rock/T_Cave_Rock_01_D.uasset" 217
"../../../../../unreal projects/InfiniteMatrixStarter 4.22/Content/SoulCave/Environment/Materials/Rocks/MF_Cave_Rock01.uasset" 218
"../../../../../unreal projects/InfiniteMatrixStarter 4.22/Content/SoulCave/Environment/Textures/Rock/T_Cave_Rock_Detail_D.uasset" 219
"../../../../../unreal projects/InfiniteMatrixStarter 4.22/Content/SoulCave/Environment/Materials/Rocks/MF_Cave_Rock02.uasset" 220
"../../../../../unreal projects/InfiniteMatrixStarter 4.22/Content/SoulCave/Environment/Textures/Rock/T_Cave_Rock_Stalactite_N.uasset" 221
"../../../../../unreal projects/InfiniteMatrixStarter 4.22/Content/SoulCave/Environment/Materials/Rocks/M_Cave_Rock_MASTER_VertexPaint_MOSS.uasset" 222
"../../../../../unreal projects/InfiniteMatrixStarter 4.22/Content/SoulCave/Environment/Materials/Rocks/MI_Cave_Rock_Bricks_Moss22.uasset" 223
"../../../../../unreal projects/InfiniteMatrixStarter 4.22/Content/SoulCave/Environment/Materials/Rocks/M_Cave_Rock_MASTER.uasset" 224
"../../../../../unreal projects/InfiniteMatrixStarter 4.22/Content/SoulCave/Environment/Textures/Rock/T_Cave_Rock_Path_M.uasset" 225
"../../../../../unreal projects/InfiniteMatrixStarter 4.22/Content/SoulCave/Environment/Textures/Rock/T_Cave_Rock_Path_N.uasset" 226
"../../../../../unreal projects/InfiniteMatrixStarter 4.22/Content/SoulCave/Environment/Materials/Rocks/MI_Cave_Rock_Ceiling.uasset" 227
"../../../../../unreal projects/InfiniteMatrixStarter 4.22/Content/SoulCave/Environment/Materials/Rocks/MI_Cave_Rock_Ceiling_Dry.uasset" 228
"../../../../../unreal projects/InfiniteMatrixStarter 4.22/Content/SoulCave/Environment/Textures/Rock/T_Cave_Rock_CurvedWall_M.uasset" 229
"../../../../../unreal projects/InfiniteMatrixStarter 4.22/Content/SoulCave/Environment/Textures/Rock/T_Cave_Rock_CurvedWall_N.uasset" 230
"../../../../../unreal projects/InfiniteMatrixStarter 4.22/Content/SoulCave/Environment/Textures/Rock/T_Cave_Rock_Large_N.uasset" 231
"../../../../../unreal projects/InfiniteMatrixStarter 4.22/Content/SoulCave/Environment/Materials/Rocks/MI_Cave_Rock_CurvedWall.uasset" 232
"../../../../../unreal projects/InfiniteMatrixStarter 4.22/Content/SoulCave/Environment/Textures/Rock/T_Cave_Rock_Small_M.uasset" 233
"../../../../../unreal projects/InfiniteMatrixStarter 4.22/Content/SoulCave/Environment/Materials/Rocks/MI_Cave_Rock_Flat.uasset" 234
"../../../../../unreal projects/InfiniteMatrixStarter 4.22/Content/SoulCave/Environment/Materials/Rocks/MI_Cave_Rock_Flat_Moss_Water.uasset" 235
"../../../../../unreal projects/InfiniteMatrixStarter 4.22/Content/SoulCave/Environment/Textures/Rock/T_Cave_Rock_Large_M.uasset" 236
"../../../../../unreal projects/InfiniteMatrixStarter 4.22/Content/SoulCave/Environment/Materials/Rocks/MI_Cave_Rock_Large.uasset" 237
"../../../../../unreal projects/InfiniteMatrixStarter 4.22/Content/SoulCave/Environment/Materials/Rocks/MI_Cave_Rock_Large01_Moss_Water2.uasset" 238
"../../../../../unreal projects/InfiniteMatrixStarter 4.22/Content/SoulCave/Environment/Textures/Rock/T_Cave_Rock_Large02_M.uasset" 239
"../../../../../unreal projects/InfiniteMatrixStarter 4.22/Content/SoulCave/Environment/Textures/Rock/T_Cave_Rock_Large02_N.uasset" 240
"../../../../../unreal projects/InfiniteMatrixStarter 4.22/Content/SoulCave/Environment/Materials/Rocks/MI_Cave_Rock_Large02.uasset" 241
"../../../../../unreal projects/InfiniteMatrixStarter 4.22/Content/SoulCave/Environment/Materials/Rocks/MI_Cave_Rock_Large02_Double.uasset" 242
"../../../../../unreal projects/InfiniteMatrixStarter 4.22/Content/SoulCave/Environment/Materials/Rocks/MI_Cave_Rock_Large02_Dry.uasset" 243
"../../../../../unreal projects/InfiniteMatrixStarter 4.22/Content/SoulCave/Environment/Materials/Rocks/MI_Cave_Rock_Large02_Moss.uasset" 244
"../../../../../unreal projects/InfiniteMatrixStarter 4.22/Content/SoulCave/Environment/Materials/Rocks/MI_Cave_Rock_Large02_Moss_Water.uasset" 245
"../../../../../unreal projects/InfiniteMatrixStarter 4.22/Content/SoulCave/Environment/Materials/Rocks/MI_Cave_Rock_Large_Double.uasset" 246
"../../../../../unreal projects/InfiniteMatrixStarter 4.22/Content/SoulCave/Environment/Materials/Rocks/MI_Cave_Rock_Large_Dry.uasset" 247
"../../../../../unreal projects/InfiniteMatrixStarter 4.22/Content/SoulCave/Environment/Materials/Rocks/MI_Cave_Rock_Large_Moss.uasset" 248
"../../../../../unreal projects/InfiniteMatrixStarter 4.22/Content/SoulCave/Environment/Textures/Rock/T_Cave_Rock_Medium_M.uasset" 249
"../../../../../unreal projects/InfiniteMatrixStarter 4.22/Content/SoulCave/Environment/Textures/Rock/T_Cave_Rock_Medium_N.uasset" 250
"../../../../../unreal projects/InfiniteMatrixStarter 4.22/Content/SoulCave/Environment/Materials/Rocks/MI_Cave_Rock_Medium_Moss.uasset" 251
"../../../../../unreal projects/InfiniteMatrixStarter 4.22/Content/SoulCave/Environment/Materials/Rocks/MI_Cave_Rock_Medium_Moss_Water.uasset" 252
"../../../../../unreal projects/InfiniteMatrixStarter 4.22/Content/SoulCave/Environment/Textures/Rock/T_GDC_Rocktest_01_N.uasset" 253
"../../../../../unreal projects/InfiniteMatrixStarter 4.22/Content/SoulCave/Environment/Textures/Rock/T_RB_LS_Dirt_01_DispAlpha_D.uasset" 254
"../../../../../unreal projects/InfiniteMatrixStarter 4.22/Content/SoulCave/Environment/Materials/Rocks/M_Cave_Rock_Out5.uasset" 255
"../../../../../unreal projects/InfiniteMatrixStarter 4.22/Content/SoulCave/Environment/Materials/Rocks/MI_Cave_Rock_Out5.uasset" 256
"../../../../../unreal projects/InfiniteMatrixStarter 4.22/Content/SoulCave/Environment/Materials/Rocks/MI_Cave_Rock_Path.uasset" 257
"../../../../../unreal projects/InfiniteMatrixStarter 4.22/Content/SoulCave/Environment/Materials/Rocks/MI_Cave_Rock_Path_Moss.uasset" 258
"../../../../../unreal projects/InfiniteMatrixStarter 4.22/Content/SoulCave/Environment/Materials/Rocks/MI_Cave_Rock_Path_Moss_Water2.uasset" 259
"../../../../../unreal projects/InfiniteMatrixStarter 4.22/Content/SoulCave/Environment/Materials/Rocks/MI_Cave_Rock_Small.uasset" 260
"../../../../../unreal projects/InfiniteMatrixStarter 4.22/Content/SoulCave/Environment/Materials/Rocks/MI_Cave_Rock_Small_Moss.uasset" 261
"../../../../../unreal projects/InfiniteMatrixStarter 4.22/Content/SoulCave/Environment/Textures/Rock/T_Cave_Dirt_D.uasset" 262
"../../../../../unreal projects/InfiniteMatrixStarter 4.22/Content/SoulCave/Environment/Textures/Rock/T_Cave_Dirt_N.uasset" 263
"../../../../../unreal projects/InfiniteMatrixStarter 4.22/Content/SoulCave/Environment/Materials/Rocks/MF_Cave_Dirt.uasset" 264
"../../../../../unreal projects/InfiniteMatrixStarter 4.22/Content/SoulCave/Environment/Materials/Rocks/M_Cave_Rock_MASTER_VertexPaint_Dirt.uasset" 265
"../../../../../unreal projects/InfiniteMatrixStarter 4.22/Content/SoulCave/Environment/Materials/Rocks/MI_Cave_Rock_VertexPaint_Dirt_Path.uasset" 266
"../../../../../unreal projects/InfiniteMatrixStarter 4.22/Content/SoulCave/Environment/Materials/Rocks/M_Cave_FlatRock.uasset" 267
"../../../../../unreal projects/InfiniteMatrixStarter 4.22/Content/SoulCave/Environment/Materials/Rocks/M_Cave_Rock_Out.uasset" 268
"../../../../../unreal projects/InfiniteMatrixStarter 4.22/Content/SoulCave/Environment/PhysicalMaterials/Dirt.uasset" 269
"../../../../../unreal projects/InfiniteMatrixStarter 4.22/Content/SoulCave/Environment/Materials/Rocks/M_Cave_Rock_Out2.uasset" 270
"../../../../../unreal projects/InfiniteMatrixStarter 4.22/Content/SoulCave/Environment/Textures/Rock/T_LV_Canyon_Rock_D.uasset" 271
"../../../../../unreal projects/InfiniteMatrixStarter 4.22/Content/SoulCave/Environment/Textures/Rock/T_LV_Canyon_Rock_N.uasset" 272
"../../../../../unreal projects/InfiniteMatrixStarter 4.22/Content/SoulCave/Environment/Materials/Rocks/M_Soul_Rock01.uasset" 273
"../../../../../unreal projects/InfiniteMatrixStarter 4.22/Content/SoulCave/Environment/Textures/Rock/T_RockSetB_Babies_D.uasset" 274
"../../../../../unreal projects/InfiniteMatrixStarter 4.22/Content/SoulCave/Environment/Textures/Rock/T_RockSetB_Babies_N.uasset" 275
"../../../../../unreal projects/InfiniteMatrixStarter 4.22/Content/SoulCave/Environment/Materials/Rocks/M_Stone1.uasset" 276
"../../../../../unreal projects/InfiniteMatrixStarter 4.22/Content/SoulCave/Environment/Textures/Building/T_Cave_E.uasset" 277
"../../../../../unreal projects/InfiniteMatrixStarter 4.22/Content/SoulCave/Environment/Textures/Building/T_SM_Cave_Arch_N.uasset" 278
"../../../../../unreal projects/InfiniteMatrixStarter 4.22/Content/SoulCave/Environment/Textures/Building/T_SM_Cave_Arch_D.uasset" 279
"../../../../../unreal projects/InfiniteMatrixStarter 4.22/Content/SoulCave/Environment/Materials/Building/M_Cave_Arches.uasset" 280
"../../../../../unreal projects/InfiniteMatrixStarter 4.22/Content/SoulCave/Environment/Textures/Building/T_Cave_Pillar_N.uasset" 281
"../../../../../unreal projects/InfiniteMatrixStarter 4.22/Content/SoulCave/Environment/Textures/Building/T_Cave_Pillar_D.uasset" 282
"../../../../../unreal projects/InfiniteMatrixStarter 4.22/Content/SoulCave/Environment/Materials/Building/M_Cave_Pillar.uasset" 283
"../../../../../unreal projects/InfiniteMatrixStarter 4.22/Content/SoulCave/Environment/Meshes/Building/SM_Cave_Arches.uasset" 284
"../../../../../unreal projects/InfiniteMatrixStarter 4.22/Content/SoulCave/Environment/Meshes/Building/SM_Cave_Chain_02.uasset" 285
"../../../../../unreal projects/InfiniteMatrixStarter 4.22/Content/SoulCave/Environment/PhysicalMaterials/Metal.uasset" 286
"../../../../../unreal projects/InfiniteMatrixStarter 4.22/Content/SoulCave/Environment/Textures/Building/T_Cave_Floor_N.uasset" 287
"../../../../../unreal projects/InfiniteMatrixStarter 4.22/Content/SoulCave/Environment/Textures/Building/T_Cave_Floor_D.uasset" 288
"../../../../../unreal projects/InfiniteMatrixStarter 4.22/Content/SoulCave/Environment/Materials/Building/M_Cave_Floor.uasset" 289
"../../../../../unreal projects/InfiniteMatrixStarter 4.22/Content/SoulCave/Environment/Textures/Building/T_Cave_Spotlight_N.uasset" 290
"../../../../../unreal projects/InfiniteMatrixStarter 4.22/Content/SoulCave/Environment/Textures/Building/T_Cave_Spotlight_D.uasset" 291
"../../../../../unreal projects/InfiniteMatrixStarter 4.22/Content/SoulCave/Environment/Materials/Building/M_Cave_Spotlight.uasset" 292
"../../../../../unreal projects/InfiniteMatrixStarter 4.22/Content/SoulCave/Environment/Meshes/Building/SM_Cave_Floor_Stairs_Quarter.uasset" 293
"../../../../../unreal projects/InfiniteMatrixStarter 4.22/Content/SoulCave/Environment/Meshes/Building/SM_Cave_Pillars_NoFlag.uasset" 294
"../../../Engine/Content/EngineMaterials/T_Default_Material_Grid_M.uasset" 295
"../../../Engine/Content/EngineMaterials/T_Default_Material_Grid_N.uasset" 296
"../../../Engine/Content/EngineMaterials/WorldGridMaterial.uasset" 297
"../../../../../unreal projects/InfiniteMatrixStarter 4.22/Content/SoulCave/Environment/Meshes/Building/SM_Cave_Pillar_NoFlag.uasset" 298
"../../../../../unreal projects/InfiniteMatrixStarter 4.22/Content/SoulCave/Environment/Textures/Rock/T_Cave_Rock_Pillar_M.uasset" 299
"../../../../../unreal projects/InfiniteMatrixStarter 4.22/Content/SoulCave/Environment/Textures/Rock/T_Cave_Rock_Pillar_N.uasset" 300
"../../../../../unreal projects/InfiniteMatrixStarter 4.22/Content/SoulCave/Environment/Materials/Rocks/MI_Cave_Rock_Pillar_Moss2.uasset" 301
"../../../../../unreal projects/InfiniteMatrixStarter 4.22/Content/SoulCave/Environment/Meshes/Building/SM_Cave_Rock_Pillar03b.uasset" 302
"../../../../../unreal projects/InfiniteMatrixStarter 4.22/Content/SoulCave/Environment/Materials/Rocks/MI_Cave_Rock_Pillar.uasset" 303
"../../../../../unreal projects/InfiniteMatrixStarter 4.22/Content/SoulCave/Environment/Meshes/Building/SM_Cave_Rock_PillarBottom.uasset" 304
"../../../../../unreal projects/InfiniteMatrixStarter 4.22/Content/SoulCave/Environment/Meshes/Building/SM_Cave_Rock_PillarBroken01b.uasset" 305
"../../../../../unreal projects/InfiniteMatrixStarter 4.22/Content/SoulCave/Environment/Meshes/Building/SM_Cave_Rock_PillarTop.uasset" 306
"../../../../../unreal projects/InfiniteMatrixStarter 4.22/Content/SoulCave/Environment/Meshes/Building/SM_Cave_Rock_Pillar_Broken01a.uasset" 307
"../../../../../unreal projects/InfiniteMatrixStarter 4.22/Content/SoulCave/Environment/Textures/Building/T_DemonStatue_M.uasset" 308
"../../../../../unreal projects/InfiniteMatrixStarter 4.22/Content/SoulCave/Environment/Textures/Building/T_DemonStatue_N.uasset" 309
"../../../../../unreal projects/InfiniteMatrixStarter 4.22/Content/SoulCave/Environment/Materials/Rocks/MI_Cave_Rock_DemonStatue_Moss.uasset" 310
"../../../../../unreal projects/InfiniteMatrixStarter 4.22/Content/SoulCave/Environment/Meshes/Building/SM_Cave_Statue_01.uasset" 311
"../../../../../unreal projects/InfiniteMatrixStarter 4.22/Content/SoulCave/Environment/Textures/Rock/T_Cave_Statue_Torso_M.uasset" 312
"../../../../../unreal projects/InfiniteMatrixStarter 4.22/Content/SoulCave/Environment/Textures/Rock/T_Cave_Statue_Torso_N.uasset" 313
"../../../../../unreal projects/InfiniteMatrixStarter 4.22/Content/SoulCave/Environment/Materials/Rocks/MI_Soul_Statue_Torso.uasset" 314
"../../../../../unreal projects/InfiniteMatrixStarter 4.22/Content/SoulCave/Environment/Meshes/Building/SM_Cave_Statue_Torso.uasset" 315
"../../../../../unreal projects/InfiniteMatrixStarter 4.22/Content/SoulCave/Environment/Textures/Building/T_Cave_Wood_Beam_N.uasset" 316
"../../../../../unreal projects/InfiniteMatrixStarter 4.22/Content/SoulCave/Environment/Textures/Building/T_Cave_Wood_Beam_D.uasset" 317
"../../../../../unreal projects/InfiniteMatrixStarter 4.22/Content/SoulCave/Environment/Materials/Rocks/M_Cave_Wood_Beam.uasset" 318
"../../../../../unreal projects/InfiniteMatrixStarter 4.22/Content/SoulCave/Environment/Meshes/Building/SM_Cave_Wood_Beam.uasset" 319
"../../../../../unreal projects/InfiniteMatrixStarter 4.22/Content/SoulCave/Environment/Meshes/Building/SM_GDC2012_Throne_Interior_Chain_04_Holder.uasset" 320
"../../../../../unreal projects/InfiniteMatrixStarter 4.22/Content/SoulCave/Environment/Meshes/Building/SM_GDC2012_Throne_Interior_Chain_05.uasset" 321
"../../../../../unreal projects/InfiniteMatrixStarter 4.22/Content/SoulCave/Environment/Meshes/Building/SM_Statue_Crumble_RK.uasset" 322
"../../../../../unreal projects/InfiniteMatrixStarter 4.22/Content/SoulCave/Environment/Meshes/Building/SM_S_Soul_Statue.uasset" 323
"../../../../../unreal projects/InfiniteMatrixStarter 4.22/Content/SoulCave/Environment/Materials/Rocks/MI_Cave_Rock_Stalactite.uasset" 324
"../../../../../unreal projects/InfiniteMatrixStarter 4.22/Content/SoulCave/Environment/Meshes/Rocks/SM_Cave_Rocks_Stalactite_01.uasset" 325
"../../../../../unreal projects/InfiniteMatrixStarter 4.22/Content/SoulCave/Environment/PhysicalMaterials/Water.uasset" 326
"../../../../../unreal projects/InfiniteMatrixStarter 4.22/Content/SoulCave/Environment/PhysicalMaterials/WoodLadder.uasset" 327
"../../../../../unreal projects/InfiniteMatrixStarter 4.22/Content/SoulCave/Environment/Textures/Building/T_Slums_Trashcan_N.uasset" 328
"../../../../../unreal projects/InfiniteMatrixStarter 4.22/Content/SoulCave/Environment/Textures/Building/T_Slums_Trashcan_D.uasset" 329
"../../../../../unreal projects/InfiniteMatrixStarter 4.22/Content/SoulCave/Environment/Textures/Building/T_Soul_Glowstick_D.uasset" 330
"../../../../../unreal projects/InfiniteMatrixStarter 4.22/Content/SoulCave/Environment/Textures/Building/T_Soul_GlowStick_N.uasset" 331
"../../../../../unreal projects/InfiniteMatrixStarter 4.22/Content/SoulCave/Environment/Textures/Building/T_Soul_Statue_Body_D.uasset" 332
"../../../../../unreal projects/InfiniteMatrixStarter 4.22/Content/SoulCave/Environment/Textures/Building/T_Soul_Statue_Body_N.uasset" 333
"../../../../../unreal projects/InfiniteMatrixStarter 4.22/Content/SoulCave/Environment/Textures/Building/T_Soul_Statue_M.uasset" 334
"../../../../../unreal projects/InfiniteMatrixStarter 4.22/Content/SoulCave/Environment/Textures/Building/T_Soul_Staue_N.uasset" 335
"../../../../../unreal projects/InfiniteMatrixStarter 4.22/Content/SoulCave/Environment/Textures/Rock/T_Cave_CaveWall_N.uasset" 336
"../../../../../unreal projects/InfiniteMatrixStarter 4.22/Content/SoulCave/Environment/Textures/Rock/T_Cave_Rock_Detail_N.uasset" 337
"../../../Engine/Content/Animation/DefaultAnimCurveCompressionSettings.uasset" 338
"../../../Engine/Content/ArtTools/RenderToTexture/Meshes/S_1_Unit_Plane.uasset" 339
"../../../Engine/Content/EngineMaterials/DefaultMaterial.uasset" 340
"../../../Engine/Content/BasicShapes/Cone.uasset" 341
"../../../Engine/Content/BasicShapes/Cube.uasset" 342
"../../../Engine/Content/BasicShapes/Cylinder.uasset" 343
"../../../Engine/Content/BasicShapes/Plane.uasset" 344
"../../../Engine/Content/BasicShapes/Sphere.uasset" 345
"../../../Engine/Content/EditorLandscapeResources/DataLayer.uasset" 346
"../../../Engine/Content/EditorMaterials/GizmoMaterial.uasset" 347
"../../../Engine/Content/EditorMaterials/MAT_Groups_Toggle.uasset" 348
"../../../Engine/Content/EditorMaterials/MAT_Groups_Visibility.uasset" 349
"../../../Engine/Content/EditorMaterials/PreviewShadowIndicator.uasset" 350
"../../../Engine/Content/EditorMaterials/PreviewShadowIndicatorMaterial.uasset" 351
"../../../Engine/Content/EditorMaterials/MatineeGroups/MAT_ColorTrack.uasset" 352
"../../../Engine/Content/EditorMaterials/MatineeGroups/MAT_Groups_Anim.uasset" 353
"../../../Engine/Content/EditorMaterials/MatineeGroups/MAT_Groups_AudioMaster.uasset" 354
"../../../Engine/Content/EditorMaterials/MatineeGroups/MAT_Groups_Director.uasset" 355
"../../../Engine/Content/EditorMaterials/MatineeGroups/MAT_Groups_Event.uasset" 356
"../../../Engine/Content/EditorMaterials/MatineeGroups/MAT_Groups_Fade.uasset" 357
"../../../Engine/Content/EditorMaterials/MatineeGroups/MAT_Groups_Float.uasset" 358
"../../../Engine/Content/EditorMaterials/MatineeGroups/MAT_Groups_Move.uasset" 359
"../../../Engine/Content/EditorMaterials/MatineeGroups/MAT_Groups_Slomo.uasset" 360
"../../../Engine/Content/EditorMaterials/MatineeGroups/MAT_Groups_Sound.uasset" 361
"../../../Engine/Content/EditorMaterials/MatineeGroups/MAT_Groups_Vector.uasset" 362
"../../../Engine/Content/EditorMaterials/ParticleSystems/PSysThumbnail_NoImage.uasset" 363
"../../../Engine/Content/EditorMaterials/ParticleSystems/PSysThumbnail_OOD.uasset" 364
"../../../Engine/Content/EditorMaterials/Camera/CineMat.uasset" 365
"../../../Engine/Content/EditorMaterials/Camera/MI_CineMat_Rig.uasset" 366
"../../../Engine/Content/EditorMeshes/Camera/SM_CraneRig_Arm.uasset" 367
"../../../Engine/Content/EditorMeshes/Camera/SM_CraneRig_Base.uasset" 368
"../../../Engine/Content/EditorMeshes/Camera/SM_CraneRig_Body.uasset" 369
"../../../Engine/Content/EditorMeshes/Camera/SM_CraneRig_Mount.uasset" 370
"../../../Engine/Content/EditorMeshes/Camera/SM_RailRig_Mount.uasset" 371
"../../../Engine/Content/EditorMeshes/Camera/SM_RailRig_Track.uasset" 372
"../../../Engine/Content/EditorResources/BSPVertex.uasset" 373
"../../../Engine/Content/EditorResources/S_Actor.uasset" 374
"../../../Engine/Content/EditorResources/S_Note.uasset" 375
"../../../Engine/Content/EditorResources/S_Trigger.uasset" 376
"../../../Engine/Content/EditorResources/SequenceRecorder/Countdown.uasset" 377
"../../../Engine/Content/EditorResources/SequenceRecorder/RecordingIndicator.uasset" 378
"../../../Engine/Content/EditorSounds/Notifications/CompileFailed.uasset" 379
"../../../Engine/Content/EditorSounds/Notifications/CompileFailed_Cue.uasset" 380
"../../../Engine/Content/EditorSounds/Notifications/CompileSuccess.uasset" 381
"../../../Engine/Content/EditorSounds/Notifications/CompileStart_Cue.uasset" 382
"../../../Engine/Content/EditorSounds/Notifications/CompileSuccess_Cue.uasset" 383
"../../../Engine/Content/EngineDamageTypes/DmgTypeBP_Environmental.uasset" 384
"../../../Engine/Content/EngineDebugMaterials/HeatmapGradient.uasset" 385
"../../../Engine/Content/EngineDebugMaterials/BoneWeightMaterial.uasset" 386
"../../../Engine/Content/EngineDebugMaterials/ClothMaterial.uasset" 387
"../../../Engine/Content/EngineDebugMaterials/ClothMaterial_WF.uasset" 388
"../../../Engine/Content/EngineDebugMaterials/DebugEditorMaterial.uasset" 389
"../../../Engine/Content/EngineDebugMaterials/DebugMeshMaterial.uasset" 390
"../../../Engine/Content/EngineDebugMaterials/GeomMaterial.uasset" 391
"../../../Engine/Content/EngineDebugMaterials/M_SimpleTranslucent.uasset" 392
"../../../Engine/Content/EngineFonts/Faces/RobotoBold.uasset" 393
"../../../Engine/Content/EngineFonts/Faces/RobotoBoldItalic.uasset" 394
"../../../Engine/Content/EngineFonts/Faces/RobotoItalic.uasset" 395
"../../../Engine/Content/EngineFonts/Faces/RobotoLight.uasset" 396
"../../../Engine/Content/EngineFonts/Faces/RobotoRegular.uasset" 397
"../../../Engine/Content/EngineFonts/Roboto.uasset" 398
"../../../Engine/Content/EngineFonts/Faces/RobotoTiny.uasset" 399
"../../../Engine/Content/EngineFonts/RobotoTiny.uasset" 400
"../../../Engine/Content/EngineMaterials/BaseFlattenDiffuseMap.uasset" 401
"../../../Engine/Content/EngineMaterials/BaseFlattenEmissiveMap.uasset" 402
"../../../Engine/Content/EngineMaterials/BaseFlattenGrayscaleMap.uasset" 403
"../../../Engine/Content/EngineMaterials/BaseFlattenNormalMap.uasset" 404
"../../../Engine/Content/EngineMaterials/BaseFlattenMaterial.uasset" 405
"../../../Engine/Content/EngineMaterials/DefaultBloomKernel.uasset" 406
"../../../Engine/Content/EngineMaterials/DefaultBokeh.uasset" 407
"../../../Engine/Content/EngineMaterials/DefaultDiffuse.uasset" 408
"../../../Engine/Content/EngineMaterials/DefaultDeferredDecalMaterial.uasset" 409
"../../../Engine/Content/EngineMaterials/DefaultLightFunctionMaterial.uasset" 410
"../../../Engine/Content/EngineMaterials/DefaultPhysicalMaterial.uasset" 411
"../../../Engine/Content/EngineMaterials/DefaultPostProcessMaterial.uasset" 412
"../../../Engine/Content/EngineFonts/RobotoDistanceField.uasset" 413
"../../../Engine/Content/EngineMaterials/DefaultTextMaterialOpaque.uasset" 414
"../../../Engine/Content/EngineMaterials/DefaultWhiteGrid.uasset" 415
"../../../Engine/Content/EngineMaterials/EditorBrushMaterial.uasset" 416
"../../../Engine/Content/EngineMaterials/Good64x64TilingNoiseHighFreq.uasset" 417
"../../../Engine/Content/EngineMaterials/MiniFont.uasset" 418
"../../../Engine/Content/EngineMaterials/InvalidLightmapSettings.uasset" 419
"../../../Engine/Content/EngineMaterials/M_InvalidLightmapSettings.uasset" 420
"../../../Engine/Content/Functions/Engine_MaterialFunctions02/WorldPositionOffset/CameraOffset.uasset" 421
"../../../Engine/Content/EngineMaterials/PhAT_JointLimitMaterial.uasset" 422
"../../../Engine/Content/EngineMaterials/PreintegratedSkinBRDF.uasset" 423
"../../../Engine/Content/EngineMaterials/RemoveSurfaceMaterial.uasset" 424
"../../../Engine/Content/EngineMaterials/WeightMapPlaceholderTexture.uasset" 425
"../../../Engine/Content/EngineResources/WhiteSquareTexture.uasset" 426
"../../../Engine/Content/EngineMaterials/Widget3DPassThrough.uasset" 427
"../../../Engine/Content/EngineMaterials/Widget3DPassThrough_Masked.uasset" 428
"../../../Engine/Content/EngineMaterials/Widget3DPassThrough_Opaque.uasset" 429
"../../../Engine/Content/EngineMaterials/Widget3DPassThrough_Masked_OneSided.uasset" 430
"../../../Engine/Content/EngineMaterials/Widget3DPassThrough_Opaque_OneSided.uasset" 431
"../../../Engine/Content/EngineMaterials/Widget3DPassThrough_Translucent.uasset" 432
"../../../Engine/Content/EngineMaterials/Widget3DPassThrough_Translucent_OneSided.uasset" 433
"../../../Engine/Content/EngineMeshes/Cylinder.uasset" 434
"../../../Engine/Content/EngineMeshes/Sphere.uasset" 435
"../../../Engine/Content/EngineResources/Black.uasset" 436
"../../../Engine/Content/EngineResources/DefaultTexture.uasset" 437
"../../../Engine/Content/EngineResources/DefaultTextureCube.uasset" 438
"../../../Engine/Content/EngineResources/DefaultVolumeTexture2D.uasset" 439
"../../../Engine/Content/EngineResources/DefaultVolumeTexture.uasset" 440
"../../../Engine/Content/EngineResources/GradientTexture0.uasset" 441
"../../../Engine/Content/EngineSounds/Master.uasset" 442
"../../../Engine/Content/Functions/Engine_MaterialFunctions01/Shading/ConvertFromDiffSpec.uasset" 443
"../../../Engine/Content/Functions/Engine_MaterialFunctions01/Shading/PowerToRoughness.uasset" 444
"../../../Engine/Content/Maps/Templates/Thumbnails/Default.uasset" 445
"../../../Engine/Content/Maps/Templates/Thumbnails/VR-Basic.uasset" 446
"../../../Engine/Content/MobileResources/T_MobileControls_texture.uasset" 447
"../../../Engine/Content/MobileResources/T_MobileMenu2.uasset" 448
"../../../Engine/Content/MobileResources/HUD/AnalogHat.uasset" 449
"../../../Engine/Content/MobileResources/HUD/VirtualJoystick_Background.uasset" 450
"../../../Engine/Content/MobileResources/HUD/VirtualJoystick_Thumb.uasset" 451
"../../../Engine/Content/MobileResources/HUD/DefaultVirtualJoysticks.uasset" 452
"../../../Engine/Content/MobileResources/HUD/LeftVirtualJoystickOnly.uasset" 453
"../../../Engine/Content/MobileResources/HUD/MobileHUDButton1_off.uasset" 454
"../../../Engine/Content/MobileResources/HUD/MobileHUDButton1_on.uasset" 455
"../../../Engine/Content/MobileResources/HUD/MobileHUDButton2_off.uasset" 456
"../../../Engine/Content/MobileResources/HUD/MobileHUDButton2_on.uasset" 457
"../../../Engine/Content/MobileResources/HUD/MobileHUDButton3.uasset" 458
"../../../Engine/Content/MobileResources/HUD/MobileHUDButtonFire.uasset" 459
"../../../Engine/Content/MobileResources/HUD/MobileHUDDirectionPad.uasset" 460
"../../../Engine/Content/MobileResources/HUD/MobileHUDDirectionPad2.uasset" 461
"../../../Engine/Content/MobileResources/HUD/MobileHUDDirectionPad3.uasset" 462
"../../../Engine/Content/MobileResources/HUD/MobileHUDDirectionStick.uasset" 463
"../../../Engine/Content/MobileResources/HUD/T_Castle_ThumbstickInner.uasset" 464
"../../../Engine/Content/MobileResources/HUD/T_Castle_ThumbstickOutter.uasset" 465
"../../../Engine/Content/Tutorial/ContentIntroCurve.uasset" 466
"../../../Engine/Content/Tutorial/Basics/LevelEditorAttract.uasset" 467
"../../../Engine/Content/Tutorial/Mobile/TutorialAssets/IOS.uasset" 468
"../../../Engine/Content/Tutorial/Mobile/CreatingSigningCertAndProvisionTutorial.uasset" 469
"../../../Engine/Content/VREditor/LaserPointer/VR_LaserPower_01.uasset" 470
"../../../Engine/Content/VREditor/TransformGizmo/TransformGizmoMaterial.uasset" 471
"../../../Engine/Content/VREditor/TransformGizmo/TranslucentTransformGizmoMaterial.uasset" 472
"../../../Engine/Content/VREditor/TransformGizmo/BoundingBoxCorner.uasset" 473
"../../../Engine/Content/VREditor/TransformGizmo/BoundingBoxEdge.uasset" 474
"../../../Engine/Content/VREditor/TransformGizmo/PlaneTranslationHandle.uasset" 475
"../../../Engine/Content/VREditor/TransformGizmo/Main.uasset" 476
"../../../Engine/Content/VREditor/TransformGizmo/Xray.uasset" 477
"../../../Engine/Content/VREditor/TransformGizmo/SM_Sequencer_Key.uasset" 478
"../../../Engine/Content/VREditor/TransformGizmo/SM_Sequencer_Node.uasset" 479
"../../Plugins/2D/Paper2D/Content/PlaceholderTextures/DummySpriteTexture.uasset" 480
"../../Plugins/2D/Paper2D/Content/DummySprite.uasset" 481
"../../Plugins/2D/Paper2D/Content/DefaultPaperTerrainMaterial.uasset" 482
"../../Plugins/2D/Paper2D/Content/DummySpriteTexture.uasset" 483
"../../Plugins/2D/Paper2D/Content/DefaultSpriteMaterial.uasset" 484
"../../Plugins/2D/Paper2D/Content/MaskedUnlitSpriteMaterial.uasset" 485
"../../Plugins/2D/Paper2D/Content/OpaqueUnlitSpriteMaterial.uasset" 486
"../../Plugins/Runtime/Oculus/OculusVR/Content/OculusMR_RenderTarget.uasset" 487
"../../../Engine/Content/Functions/Engine_MaterialFunctions02/Utility/BreakOutFloat4Components.uasset" 488
"../../../Engine/Content/Functions/Engine_MaterialFunctions02/Utility/MakeFloat2.uasset" 489
"../../Plugins/Runtime/Oculus/OculusVR/Content/Materials/OculusMR_ChromaKey.uasset" 490
"../../Plugins/Runtime/Oculus/OculusVR/Content/Materials/OculusMR_ChromaKey_Lit.uasset" 491
"../../Plugins/Runtime/Oculus/OculusVR/Content/Materials/OculusMR_OpaqueColoredMaterial.uasset" 492
"../../Plugins/Runtime/Oculus/OculusVR/Content/Materials/OculusMR_WhiteMaterial.uasset" 493
"../../Plugins/Runtime/Oculus/OculusVR/Content/Materials/PokeAHoleMaterial.uasset" 494
"../../Plugins/Runtime/Oculus/OculusVR/Content/Textures/GearVRController_AO.uasset" 495
"../../Plugins/Runtime/Oculus/OculusVR/Content/Textures/GearVRController_Color.uasset" 496
"../../Plugins/Runtime/Oculus/OculusVR/Content/Textures/GearVRController_Normal.uasset" 497
"../../Plugins/Runtime/Oculus/OculusVR/Content/Materials/GearVRControllerMaterial.uasset" 498
"../../Plugins/Runtime/Oculus/OculusVR/Content/Meshes/GearVrController.uasset" 499
"../../Plugins/Runtime/Oculus/OculusVR/Content/Textures/touchController_albedo.uasset" 500
"../../Plugins/Runtime/Oculus/OculusVR/Content/Textures/touchController_controlmap.uasset" 501
"../../Plugins/Runtime/Oculus/OculusVR/Content/Materials/touchController_mat.uasset" 502
"../../Plugins/Runtime/Oculus/OculusVR/Content/Meshes/LeftTouchController.uasset" 503
"../../Plugins/Runtime/Oculus/OculusVR/Content/Meshes/RiftHMD.uasset" 504
"../../Plugins/Runtime/Oculus/OculusVR/Content/Meshes/RightTouchController.uasset" 505
"../../../Engine/Content/EditorBlueprintResources/StandardMacros.uasset" 506
"../../../../../unreal projects/InfiniteMatrixStarter 4.22/Content/InfiniteMatrix/Textures/T_Tech_Hex_Tile_M.uasset" 507
"../../../../../unreal projects/InfiniteMatrixStarter 4.22/Content/InfiniteMatrix/Textures/T_Tech_Hex_Tile_N.uasset" 508
"../../../../../unreal projects/InfiniteMatrixStarter 4.22/Content/InfiniteMatrix/Materials/M_Tech_Hex_Tile_Pulse.uasset" 509
"../../../../../unreal projects/InfiniteMatrixStarter 4.22/Content/InfiniteMatrix/UI/WBP_HUD.uasset" 510
"../../../../../unreal projects/InfiniteMatrixStarter 4.22/Content/InfiniteMatrix/Meshes/UFO.uasset" 511
"../../../../../unreal projects/InfiniteMatrixStarter 4.22/Content/SoulCave/Environment/Materials/Rocks/MI_Cave_Rock_Medium.uasset" 512
"../../../../../unreal projects/InfiniteMatrixStarter 4.22/Content/InfiniteMatrix/Materials/M_HoleBase.uasset" 513
"../../../../../unreal projects/InfiniteMatrixStarter 4.22/Content/InfiniteMatrix/Materials/MI_Hole.uasset" 514
"../../../../../unreal projects/InfiniteMatrixStarter 4.22/Content/InfiniteMatrix/Meshes/SM_Hole_01.uasset" 515
"../../../../../unreal projects/InfiniteMatrixStarter 4.22/Content/InfiniteMatrix/Meshes/SM_Hole_02.uasset" 516
"../../../../../unreal projects/InfiniteMatrixStarter 4.22/Content/InfiniteMatrix/Meshes/SM_Hole_03.uasset" 517
"../../../../../unreal projects/InfiniteMatrixStarter 4.22/Content/InfiniteMatrix/Meshes/SM_Hole_04.uasset" 518
"../../../../../unreal projects/InfiniteMatrixStarter 4.22/Content/InfiniteMatrix/Textures/T_Binary.uasset" 519
"../../../../../unreal projects/InfiniteMatrixStarter 4.22/Content/InfiniteMatrix/Textures/T_Noise.uasset" 520
"../../../../../unreal projects/InfiniteMatrixStarter 4.22/Content/InfiniteMatrix/Materials/M_TunnelBase.uasset" 521
"../../../../../unreal projects/InfiniteMatrixStarter 4.22/Content/InfiniteMatrix/Materials/MI_Tunnel.uasset" 522
"../../../../../unreal projects/InfiniteMatrixStarter 4.22/Content/InfiniteMatrix/Meshes/SM_Tunnel.uasset" 523
"../../../../../unreal projects/InfiniteMatrixStarter 4.22/Content/SoulCave/Environment/Meshes/Building/SM_Cave_Rock_Pillar01REDO.uasset" 524
"../../../../../unreal projects/InfiniteMatrixStarter 4.22/Content/SoulCave/Environment/Meshes/Rocks/SM_Cave_Rocks_Stalactite_02.uasset" 525
"../../../../../unreal projects/InfiniteMatrixStarter 4.22/Content/SoulCave/Environment/Meshes/Rocks/SM_Cave_Rocks_Stalactite_04.uasset" 526
"../../../../../unreal projects/InfiniteMatrixStarter 4.22/Content/SoulCave/Environment/Meshes/Rocks/SM_Cave_Rocks_Stalactite_05.uasset" 527
"../../../../../unreal projects/InfiniteMatrixStarter 4.22/Content/InfiniteMatrix/Blueprints/BP_Tunnel.uasset" 528
"../../../../../unreal projects/InfiniteMatrixStarter 4.22/Content/InfiniteMatrix/Blueprints/BP_TunnelSpawner.uasset" 529
"../../../../../unreal projects/InfiniteMatrixStarter 4.22/Content/InfiniteMatrix/UI/T_Restart.uasset" 530
"../../../../../unreal projects/InfiniteMatrixStarter 4.22/Content/InfiniteMatrix/UI/WBP_Restart.uasset" 531
"../../../../../unreal projects/InfiniteMatrixStarter 4.22/Content/InfiniteMatrix/Blueprints/BP_Player.uasset" 532
"../../../../../unreal projects/InfiniteMatrixStarter 4.22/Content/InfiniteMatrix/UI/WBP_Title.uasset" 533
"../../../../../unreal projects/InfiniteMatrixStarter 4.22/Content/InfiniteMatrix/Blueprints/BP_GameManager.uasset" 534
"../../../../../unreal projects/InfiniteMatrixStarter 4.22/Content/InfiniteMatrix/Blueprints/GM_Tutorial.uasset" 535
"../../../../../unreal projects/InfiniteMatrixStarter 4.22/Content/InfiniteMatrix/Maps/TutorialMap.umap" 536
"../../../Engine/Content/Maps/Entry_BuiltData.uasset" 537
"../../../Engine/Content/Maps/Entry.umap" 538
